<?xml version="1.0" encoding="UTF-8"?>
<!-- Generated by org.testng.reporters.JUnitReportReporter -->
<testsuite hostname="DESKTOP-CSJ98EU" failures="0" tests="1" name="myFirstProject.SignUp" time="9.696" errors="0" timestamp="2024-01-29T04:00:50 EET" skipped="0">
  <testcase classname="myFirstProject.SignUp" name="myFirstTest" time="9.696"/>
  <system-out/>
</testsuite> <!-- myFirstProject.SignUp -->
